[debug] [2021-04-13T13:29:01.875Z] ----------------------------------------------------------------------
[debug] [2021-04-13T13:29:01.877Z] Command:       C:\Program Files\nodejs\node.exe C:\Users\Rahul Mitra\AppData\Roaming\npm\node_modules\firebase-tools\lib\bin\firebase.js projects:list
[debug] [2021-04-13T13:29:01.877Z] CLI Version:   9.9.0
[debug] [2021-04-13T13:29:01.877Z] Platform:      win32
[debug] [2021-04-13T13:29:01.877Z] Node Version:  v12.16.1
[debug] [2021-04-13T13:29:01.878Z] Time:          Tue Apr 13 2021 18:59:01 GMT+0530 (India Standard Time)
[debug] [2021-04-13T13:29:01.878Z] ----------------------------------------------------------------------
[debug] 
[debug] [2021-04-13T13:29:01.880Z] >>> [apiv2][query] GET https://firebase-public.firebaseio.com/cli.json [none]
[debug] [2021-04-13T13:29:01.898Z] > command requires scopes: ["email","openid","https://www.googleapis.com/auth/cloudplatformprojects.readonly","https://www.googleapis.com/auth/firebase","https://www.googleapis.com/auth/cloud-platform"]
[debug] [2021-04-13T13:29:01.898Z] > authorizing via signed-in user (rahul1991mitra@gmail.com)
[debug] [2021-04-13T13:29:01.903Z] > refreshing access token with scopes: []
[debug] [2021-04-13T13:29:01.903Z] >>> HTTP REQUEST POST https://www.googleapis.com/oauth2/v3/token  
 <request body omitted>
[debug] [2021-04-13T13:29:02.186Z] <<< HTTP RESPONSE 400 {"pragma":"no-cache","cache-control":"no-cache, no-store, max-age=0, must-revalidate","expires":"Mon, 01 Jan 1990 00:00:00 GMT","date":"Tue, 13 Apr 2021 13:29:01 GMT","content-type":"application/json; charset=utf-8","vary":"X-Origin, Referer, Origin,Accept-Encoding","server":"scaffolding on HTTPServer2","x-xss-protection":"0","x-frame-options":"SAMEORIGIN","x-content-type-options":"nosniff","alt-svc":"h3-29=\":443\"; ma=2592000,h3-T051=\":443\"; ma=2592000,h3-Q050=\":443\"; ma=2592000,h3-Q046=\":443\"; ma=2592000,h3-Q043=\":443\"; ma=2592000,quic=\":443\"; ma=2592000; v=\"46,43\"","accept-ranges":"none","transfer-encoding":"chunked"}
[debug] [2021-04-13T13:29:02.187Z] >>> [apiv2][query] GET https://firebase.googleapis.com/v1beta1/projects pageSize=1000
[debug] [2021-04-13T13:29:02.432Z] <<< [apiv2][status] GET https://firebase.googleapis.com/v1beta1/projects 401
[debug] [2021-04-13T13:29:02.433Z] <<< [apiv2][body] GET https://firebase.googleapis.com/v1beta1/projects [omitted]
[debug] [2021-04-13T13:29:02.433Z] HTTP Error: 401, Request had invalid authentication credentials. Expected OAuth 2 access token, login cookie or other valid authentication credential. See https://developers.google.com/identity/sign-in/web/devconsole-project.
[debug] [2021-04-13T13:29:02.435Z] FirebaseError: HTTP Error: 401, Request had invalid authentication credentials. Expected OAuth 2 access token, login cookie or other valid authentication credential. See https://developers.google.com/identity/sign-in/web/devconsole-project.
    at module.exports (C:\Users\Rahul Mitra\AppData\Roaming\npm\node_modules\firebase-tools\lib\responseToError.js:38:12)
    at Client.doRequest (C:\Users\Rahul Mitra\AppData\Roaming\npm\node_modules\firebase-tools\lib\apiv2.js:238:23)
    at processTicksAndRejections (internal/process/task_queues.js:97:5)
    at async Client.request (C:\Users\Rahul Mitra\AppData\Roaming\npm\node_modules\firebase-tools\lib\apiv2.js:96:20)
    at async getProjectPage (C:\Users\Rahul Mitra\AppData\Roaming\npm\node_modules\firebase-tools\lib\management\projects.js:233:17)
    at async getFirebaseProjectPage (C:\Users\Rahul Mitra\AppData\Roaming\npm\node_modules\firebase-tools\lib\management\projects.js:250:23)
    at async Object.listFirebaseProjects (C:\Users\Rahul Mitra\AppData\Roaming\npm\node_modules\firebase-tools\lib\management\projects.js:281:29)
    at async Command.actionFn (C:\Users\Rahul Mitra\AppData\Roaming\npm\node_modules\firebase-tools\lib\commands\projects-list.js:50:20)
[error] 
[error] Error: Failed to list Firebase projects. See firebase-debug.log for more info.
[debug] [2021-04-13T13:29:34.973Z] ----------------------------------------------------------------------
[debug] [2021-04-13T13:29:34.975Z] Command:       C:\Program Files\nodejs\node.exe C:\Users\Rahul Mitra\AppData\Roaming\npm\node_modules\firebase-tools\lib\bin\firebase.js projects:list
[debug] [2021-04-13T13:29:34.975Z] CLI Version:   9.9.0
[debug] [2021-04-13T13:29:34.975Z] Platform:      win32
[debug] [2021-04-13T13:29:34.975Z] Node Version:  v12.16.1
[debug] [2021-04-13T13:29:34.976Z] Time:          Tue Apr 13 2021 18:59:34 GMT+0530 (India Standard Time)
[debug] [2021-04-13T13:29:34.976Z] ----------------------------------------------------------------------
[debug] 
[debug] [2021-04-13T13:29:34.978Z] >>> [apiv2][query] GET https://firebase-public.firebaseio.com/cli.json [none]
[debug] [2021-04-13T13:29:34.995Z] > command requires scopes: ["email","openid","https://www.googleapis.com/auth/cloudplatformprojects.readonly","https://www.googleapis.com/auth/firebase","https://www.googleapis.com/auth/cloud-platform"]
[debug] [2021-04-13T13:29:34.995Z] > authorizing via signed-in user (rahul1991mitra@gmail.com)
[debug] [2021-04-13T13:29:34.999Z] > refreshing access token with scopes: []
[debug] [2021-04-13T13:29:35.000Z] >>> HTTP REQUEST POST https://www.googleapis.com/oauth2/v3/token  
 <request body omitted>
[debug] [2021-04-13T13:29:35.337Z] <<< HTTP RESPONSE 400 {"expires":"Mon, 01 Jan 1990 00:00:00 GMT","date":"Tue, 13 Apr 2021 13:29:34 GMT","cache-control":"no-cache, no-store, max-age=0, must-revalidate","pragma":"no-cache","content-type":"application/json; charset=utf-8","vary":"X-Origin, Referer, Origin,Accept-Encoding","server":"scaffolding on HTTPServer2","x-xss-protection":"0","x-frame-options":"SAMEORIGIN","x-content-type-options":"nosniff","alt-svc":"h3-29=\":443\"; ma=2592000,h3-T051=\":443\"; ma=2592000,h3-Q050=\":443\"; ma=2592000,h3-Q046=\":443\"; ma=2592000,h3-Q043=\":443\"; ma=2592000,quic=\":443\"; ma=2592000; v=\"46,43\"","accept-ranges":"none","transfer-encoding":"chunked"}
[debug] [2021-04-13T13:29:35.338Z] >>> [apiv2][query] GET https://firebase.googleapis.com/v1beta1/projects pageSize=1000
[debug] [2021-04-13T13:29:35.595Z] <<< [apiv2][status] GET https://firebase.googleapis.com/v1beta1/projects 401
[debug] [2021-04-13T13:29:35.595Z] <<< [apiv2][body] GET https://firebase.googleapis.com/v1beta1/projects [omitted]
[debug] [2021-04-13T13:29:35.596Z] HTTP Error: 401, Request had invalid authentication credentials. Expected OAuth 2 access token, login cookie or other valid authentication credential. See https://developers.google.com/identity/sign-in/web/devconsole-project.
[debug] [2021-04-13T13:29:35.598Z] FirebaseError: HTTP Error: 401, Request had invalid authentication credentials. Expected OAuth 2 access token, login cookie or other valid authentication credential. See https://developers.google.com/identity/sign-in/web/devconsole-project.
    at module.exports (C:\Users\Rahul Mitra\AppData\Roaming\npm\node_modules\firebase-tools\lib\responseToError.js:38:12)
    at Client.doRequest (C:\Users\Rahul Mitra\AppData\Roaming\npm\node_modules\firebase-tools\lib\apiv2.js:238:23)
    at processTicksAndRejections (internal/process/task_queues.js:97:5)
    at async Client.request (C:\Users\Rahul Mitra\AppData\Roaming\npm\node_modules\firebase-tools\lib\apiv2.js:96:20)
    at async getProjectPage (C:\Users\Rahul Mitra\AppData\Roaming\npm\node_modules\firebase-tools\lib\management\projects.js:233:17)
    at async getFirebaseProjectPage (C:\Users\Rahul Mitra\AppData\Roaming\npm\node_modules\firebase-tools\lib\management\projects.js:250:23)
    at async Object.listFirebaseProjects (C:\Users\Rahul Mitra\AppData\Roaming\npm\node_modules\firebase-tools\lib\management\projects.js:281:29)
    at async Command.actionFn (C:\Users\Rahul Mitra\AppData\Roaming\npm\node_modules\firebase-tools\lib\commands\projects-list.js:50:20)
[error] 
[error] Error: Failed to list Firebase projects. See firebase-debug.log for more info.
